### ISSUE TITLE
DIE does not verify that the dynamic symbol address is greater than or equal to the minimum.

### ISSUE THREAD

**Issue by liyansong2018** [horsicq/Detect-It-Easy#162]
DIE display the dynamic symbol table according to entry address in `.dynamic` section. Although it appears that DIE has checked the range of addresses, it has forgotten that there are 'fake negative address'. This can cause DIE to crash or  out-of-bound read.

CWE-839: Numeric Range Comparison Without Minimum Check

[poc_x86_64.zip](https://github.com/horsicq/Detect-It-Easy/files/12739235/poc_x86_64.zip)

debug log info

```shell
gef➤  set args ~/poc_x86_64 
gef➤  r
Starting program: /home/kali/Tools/DIE-engine/build/release/diec ~/poc_x86_64 
[Thread debugging using libthread_db enabled]
Using host libthread_db library "/lib/x86_64-linux-gnu/libthread_db.so.1".
Cannot load database: /home/kali/Tools/DIE-engine/build/release/db
[New Thread 0x7ffff49466c0 (LWP 2571291)]

Thread 1 "diec" received signal SIGSEGV, Segmentation fault.
__strlen_sse2 () at ../sysdeps/x86_64/multiarch/strlen-sse2.S:142
142     ../sysdeps/x86_64/multiarch/strlen-sse2.S: No such file or directory.
[ Legend: Modified register | Code | Heap | Stack | String ]
───────────────────────────────────────────────────────────────────────── registers ────
$rax   : 0xff005555557d5d6f
$rbx   : 0x00005555557dba70  →  0x00005555557b38c0  →  0x0000555555575d3e  →  <Binary_Script::metaObject()+0> push rbp
$rcx   : 0xd6f             
$rdx   : 0xff005555557d5d6f
$rsp   : 0x00007fffffffaeb8  →  0x000055555557a219  →  <QString::QString(char+0> mov edx, eax
$rbp   : 0x00007fffffffaed0  →  0x00007fffffffaf60  →  0x00007fffffffb2f0  →  0x00007fffffffb440  →  0x00007fffffffb590  →  0x00007fffffffb6c0  →  0x00007fffffffbb30  →  0x00007fffffffcd20
$rsi   : 0xff005555557d5d6f
$rdi   : 0xff005555557d5d6f
$rip   : 0x00007ffff733a076  →  <__strlen_sse2+38> movdqu xmm4, XMMWORD PTR [rax]
$r8    : 0x0               
$r9    : 0x4000            
$r10   : 0x1               
$r11   : 0x246             
$r12   : 0x0               
$r13   : 0x1               
$r14   : 0x00005555557afed8  →  0x000055555556f720  →  <__do_global_dtors_aux+0> endbr64 
$r15   : 0x00007ffff7ffd000  →  0x00007ffff7ffe2c0  →  0x0000555555554000  →   jg 0x555555554047
$eflags: [zero CARRY PARITY adjust SIGN trap INTERRUPT direction overflow RESUME virtualx86 identification]
$cs: 0x33 $ss: 0x2b $ds: 0x00 $es: 0x00 $fs: 0x00 $gs: 0x00 
───────────────────────────────────────────────────────────────────────────── stack ────
0x00007fffffffaeb8│+0x0000: 0x000055555557a219  →  <QString::QString(char+0> mov edx, eax        ← $rsp                                                                         
0x00007fffffffaec0│+0x0008: 0xff005555557d5d6f ("o]}UUU"?)
0x00007fffffffaec8│+0x0010: 0x00007fffffffaf00  →  0x00007fffffffafe0  →  0x0000000000000000
0x00007fffffffaed0│+0x0018: 0x00007fffffffaf60  →  0x00007fffffffb2f0  →  0x00007fffffffb440  →  0x00007fffffffb590  →  0x00007fffffffb6c0  →  0x00007fffffffbb30  →  0x00007fffffffcd20         ← $rbp                                                                 
0x00007fffffffaed8│+0x0020: 0x000055555561fbbe  →  <XELF::getLibraries(XBinary::_MEMORY_MAP*,+0> lea rdx, [rbp-0x60]                                                            
0x00007fffffffaee0│+0x0028: 0x00007fffffffafd8  →  0x00005555557e1c60  →  0x0000001e00000001
0x00007fffffffaee8│+0x0030: 0x00007fffffffafe0  →  0x0000000000000000
0x00007fffffffaef0│+0x0038: 0x00005555557db720  →  0x00005555557b5590  →  0x0000555555570556  →  <XELF::metaObject()+0> push rbp                                                
─────────────────────────────────────────────────────────────────────── code:x86:64 ────
   0x7ffff733a066 <__strlen_sse2+22> and    rcx, 0xfff
   0x7ffff733a06d <__strlen_sse2+29> cmp    rcx, 0xfcf
   0x7ffff733a074 <__strlen_sse2+36> ja     0x7ffff733a0e0 <__strlen_sse2+144>
 → 0x7ffff733a076 <__strlen_sse2+38> movdqu xmm4, XMMWORD PTR [rax]
   0x7ffff733a07a <__strlen_sse2+42> pcmpeqb xmm4, xmm0
   0x7ffff733a07e <__strlen_sse2+46> pmovmskb edx, xmm4
   0x7ffff733a082 <__strlen_sse2+50> test   edx, edx
   0x7ffff733a084 <__strlen_sse2+52> je     0x7ffff733a08a <__strlen_sse2+58>
   0x7ffff733a086 <__strlen_sse2+54> bsf    eax, edx
─────────────────────────────────────────────────────────────────────────── threads ────
[#0] Id 1, Name: "diec", stopped 0x7ffff733a076 in __strlen_sse2 (), reason: SIGSEGV
[#1] Id 2, Name: "diec", stopped 0x7ffff7316146 in __futex_abstimed_wait_common64 (), reason: SIGSEGV
───────────────────────────────────────────────────────────────────────────── trace ────
[#0] 0x7ffff733a076 → __strlen_sse2()
[#1] 0x55555557a219 → QString::QString(this=0x7fffffffaf00, ch=0xff005555557d5d6f <error: Cannot access memory at address 0xff005555557d5d6f>)
[#2] 0x55555561fbbe → XELF::getLibraries(this=0x5555557db720, pMemoryMap=0x7fffffffafe0, pList=0x7fffffffafd8)
[#3] 0x55555562510c → XELF::getOsInfo(this=0x5555557db720)
[#4] 0x555555670a50 → Binary_Script::Binary_Script(this=0x5555557dba70, pBinary=0x5555557db720, pOptions=0x7fffffffb8fd, pPdStruct=0x7fffffffbd60)
[#5] 0x555555683b58 → ELF_Script::ELF_Script(this=0x5555557dba70, pELF=0x5555557db720, pOptions=0x7fffffffb8fd, pPdStruct=0x7fffffffbd60)                                       
[#6] 0x555555681449 → DiE_ScriptEngine::DiE_ScriptEngine(this=0x7fffffffb8a0, pSignaturesList=0x7fffffffd938, pListScanStructs=0x7fffffffcea8, pDevice=0x7fffffffce70, fileType=XBinary::FT_ELF64, pOptions=0x7fffffffb8fd, pPdStruct=0x7fffffffbd60)
[#7] 0x555555674541 → DiE_Script::_processDetect(this=0x7fffffffd920, pScanResult=0x7fffffffce90, pDevice=0x7fffffffce70, sDetectFunction=@0x7fffffffcf18, parentId={
  bVirtual = 0x0,
  sUuid = {
    d = 0x7ffff7b87800 <QArrayData::shared_null>
  },
  fileType = XBinary::FT_UNKNOWN,
  filePart = XBinary::FILEPART_HEADER,
  sArch = {
    d = 0x7ffff7b87800 <QArrayData::shared_null>
  },
  sVersion = {
    d = 0x7ffff7b87800 <QArrayData::shared_null>
  },
  sInfo = {
    d = 0x7ffff7b87800 <QArrayData::shared_null>
  },
  mode = XBinary::MODE_UNKNOWN,
  bIsBigEndian = 0x0,
  sType = {
    d = 0x7ffff7b87800 <QArrayData::shared_null>
  },
  nSize = 0x0,
  nOffset = 0x0
}, fileType=XBinary::FT_ELF64, pOptions=0x7fffffffd9e0, sSignatureFilePath=@0x7fffffffc188, nOffset=0x0, bAddUnknown=0x1, pPdStruct=0x7fffffffbd60)
[#8] 0x555555678245 → DiE_Script::process(this=0x7fffffffd920, pDevice=0x7fffffffce70, sFunction=@0x7fffffffcf18, pScanResult=0x7fffffffce90, nOffset=0x0, nSize=0x3e50, parentId={                                                                                     
  bVirtual = 0x0,
  sUuid = {
    d = 0x7ffff7b87800 <QArrayData::shared_null>
  },
  fileType = XBinary::FT_UNKNOWN,
  filePart = XBinary::FILEPART_HEADER,
  sArch = {
    d = 0x7ffff7b87800 <QArrayData::shared_null>
  },
  sVersion = {
    d = 0x7ffff7b87800 <QArrayData::shared_null>
  },
  sInfo = {
    d = 0x7ffff7b87800 <QArrayData::shared_null>
  },
  mode = XBinary::MODE_UNKNOWN,
  bIsBigEndian = 0x0,
  sType = {
    d = 0x7ffff7b87800 <QArrayData::shared_null>
  },
  nSize = 0x0,
  nOffset = 0x0
}, pOptions=0x7fffffffd9e0, bInit=0x1, pPdStruct=0x7fffffffbd60)
[#9] 0x555555677a5c → DiE_Script::processDevice(this=0x7fffffffd920, pDevice=0x7fffffffce70, pOptions=0x7fffffffd9e0, sFunction=@0x7fffffffcf18, pPdStruct=0x0)

```

**Comment by horsicq** [comment]
Thanks for your help!
